-4.298981995662235
-15.622991500267753
-12.350692686935574
2.2536426468816835
11.713435817372266
-9.7055830653247
13.833896306889976
-32.52476120987136
-21.648971158131047
-15.786730346232227
-14.233943675009948
-29.399604769193814
10.61037830923769
-15.125409961642276
-8.846329616362794
-14.33953634650527
13.686399883397907
-17.30987163095843
-17.025504337151027
-15.804013021282636
-6.414114375681992
-19.39816399935633
15.289762380414443
-19.72927980188564
-19.141793772110947
-4.6463611124493776
-24.71891795997803
15.703770959450518
-21.02794155850408
-27.032240969352586
-21.93342261272847
0.8383879975095931
8.408035267681305
-18.129521395430427
-5.5615636888348075
0.007758990301862667
-13.908503061716587
-17.552533988380503
-17.527047272408886
8.347776944310667
-18.991657626398197
-12.174226891555502
15.673221491062016
-20.20160729599974
-26.81933949403806
-6.0195362495369515
7.605910001659361
-20.47672673427419
8.57629425874798
13.921511709448279
19.32325855730319
-18.801011164149912
-5.699185994438194
12.037477398193285
-26.63461326011253
-17.44040688587849
-15.282561818453653
-13.735229200505831
-16.56819607012382
7.108390774184376
13.668009537219904
13.758754190759944
-21.317199543982813
8.88357069605656
-15.0
-14.885239529314966
-12.493687532843571
-13.734983924096642
7.210881729533122
-19.757487192073295
10.873026472032146
6.245283914312473
-20.776689586886135
-27.27465584386424
15.16896159234281
14.861020689760451
2.7454392339897766
-15.0
-14.87078843019216
4.6988835710829875
-18.829006703484957
16.174636775176296
-14.30064958405714
-5.558955437242555
16.407953987993167
-4.899879193075073
-12.38356284773815
12.461001476033877
-14.831718287703861
16.26199186663987
-9.066585634638944
12.103321986653633
-11.107730968890294
17.52971631501388
-17.639673258671074
-16.631475253650084
-12.99135492732301
12.92256273438568
-7.861435091598774
-11.086130960052564
-24.91367123132876
-15.0
1.7462091907162005
-24.546012575406472
-2.759091315905251
-11.290864105785383
1.3928466352965652
17.2799382002607
-22.360059078996247
12.56364417801296
12.986743328619742
-18.928749152367466
16.823269011142997
-15.000000000000004
8.379394355586253
-19.613106139772437
15.479746563956144
-2.642982941218097
-0.949938201084235
-7.06151587454133
15.084599220083732
-15.000000000000004
-22.307377697362583
-15.47602568964981
-15.000000000000004
-31.377853251784227
2.4729680607101345
-15.0
14.922246275323262
-16.156307403997086
-9.943601172489805
-15.0
14.386321081670976
2.109127316175563
-18.162437669708403
-15.428496155030583
16.464530694545317
7.735831448825768
13.190868996934327
17.15743290627677
12.818891703649236
-19.217482416074674
-16.641479731624152
-16.24611353270278
9.799590160040703
-15.10483440075998
-26.04185384316211
-7.7835302090661385
20.09586970678835
7.623808344566465
-15.000000000000004
-14.19816292065207
-14.308607310691347
13.913344881067996
14.06432678077076
-15.645454146972764
-11.383349084330497
-15.0
-17.398835440053617
11.141848045968182
-15.0
-15.0
-21.319502511890352
10.862781296135017
-14.49234118044911
-15.0
-15.804335812409542
-11.973520815800269
-15.0
-18.97439798125143
-19.464896902110556
-1.7638958195255316
-6.907994512082446
-17.91511642360634
-13.492483045200615
16.857867844115802
16.00790040378178
18.789802918339532
-15.050200415277425
-16.20552162196563
-12.698108430582053
-6.184848625730433
17.734088065692564
-15.0
4.768750114214544
11.553064676385716
-14.79218288461762
-18.02032894399598
5.924572691041482
-12.35631534480869
16.568491892398647
-15.0
-15.0
-14.108549799515849
-19.304441561095672
19.229210970591655
-14.4347671744758
17.295778600631245
8.346569063543761
-17.15447371633261
-19.867999581003446
15.703754419541035
-15.0
-12.839986750227759
-22.1264109495872
-18.70845094607541
0.9613468835384591
19.70033211043516
12.192007907301091
-17.579041778240384
33.653241600710444
-26.560398554661397
-17.620437440811042
-15.000000000000004
-15.0
-13.762467286041357
-14.466358596148186
-15.0
15.757205426090964
16.196983573818457
-1.1327793119784557
-16.10775495724743
-20.402712629567432
-18.175274145704154
-12.600041495115338
-15.0
-30.887904807260504
-15.0
-19.899536560894035
-15.000000000000004
10.259491655875228
-1.8250223623684603
-15.0
-15.514710648348213
-19.502601200444936
-16.791577469788187
-21.99951903549564
14.429359942095298
12.960232025093672
18.46986203775937
-2.8049494829158927
-11.544458419156172
-6.203938848421984
-18.034259125796144
-21.46953563483464
-11.292148430013489
-13.296777464950459
-21.858235322523694
0.38941892252313703
-22.775523259515854
-15.0
-4.577943157536408
18.342143936909142
-8.553694158315157
-18.07878064468717
-16.06575600828505
13.421690089847395
-18.292950047600538
-23.001345063965807
-15.0
-24.601352358020108
-15.520532979168063
-25.718804633838236
9.693661367938338
17.759533953609434
-15.093516231196883
-15.0
-15.0
12.45351079521934
-15.4803322241544
-15.0
-4.788756715322084
-15.0
-21.516841237185464
-15.335742411668512
-5.682470094600354
-15.000000000000004
17.9977342507983
-14.828446539355014
-13.133791989984402
-25.73846952996867
19.826051793717813
13.88922621008913
-16.123784171031733
-13.948994931618252
-15.139859485098345
-14.962195563037486
-14.999999999999996
-6.733719954770646
-20.838768896323145
-13.622031798964011
-14.302565287571095
-25.72015854132881
14.833371252764389
13.1313589662375
-19.03148779074253
-15.0
-10.781820795272385
10.251916665533347
-15.0
-14.98044574732508
13.848194469868774
5.241466842883977
12.622913392090634
-15.0
10.75596164775462
-16.931119222470482
-9.229964450995713
-14.520259025463961
8.24967508837144
-14.345610904763134
-15.714780387472214
-16.286091035343354
-17.35326928974949
9.515619153231697
-2.6387992899287926
-2.3054241327899714
1.2592030312015812
5.336434311425824
-13.147396751327797
-14.999999999999996
-15.254642270615143
17.09100509545014
-15.94099835749299
-19.275349376179314
13.866650172753243
1.489631114637926
-16.688293190916234
-34.82977384080309
-17.80514821684333
17.269004809896984
-18.204277175782096
0.9636517005243252
-19.650670142139298
-14.959026412985704
-19.047696128998123
-16.044399000105752
0.94228349687857
-14.999999999999996
14.836226250080346
-15.02785735393918
6.209373096709126
1.0079320007784132
5.119932994161051
-16.752756671117336
-22.637141245372376
17.59612159130012
-30.484863542376207
17.21910603595156
-7.243963947744842
1.2227421387264226
-15.0
-20.667723893328315
1.9761894811491532
-12.774400281103059
18.419989467096652
-19.258059329234527
-15.0
-4.471652078592645
13.241566669059665
6.756328822701387
-12.890677350797393
5.918081310548557
-15.112401970219604
-15.538076411846351
-12.590864520619984
9.289064054583491
-16.405368240343815
-15.0
14.702314264602878
-6.983432313987645
-22.76625555495454
-15.205142425699378
13.833195218309244
-15.373351693122807
14.094171018947891
-16.066075421304244
9.719249134187198
1.7766971052756801
-14.358855606943939
-14.999999999999996
19.348089331885397
11.33634674634348
17.914363073594963
16.154284796082727
-15.033901046542923
18.880213684298845
-15.220776338847365
15.732091927160036
-24.32638295398427
-24.20659637628978
-16.748805883100083
1.7829900560393774
-14.780819326936028
-17.188409849489542
19.104573401854967
16.455448150622704
17.05450456390959
-18.80149030099536
9.174988230660265
13.071480285008045
-20.473960685531797
-15.987377206168434
16.746464891413964
7.027377801896005
2.607674456058402
13.564643371915093
-18.592271207584012
-13.73998068290215
-16.557435574516614
-15.82786958293724
-15.0
-20.374379049535982
-15.0
-20.850950178216912
-15.0
-15.635075722036792
1.127350201799242
0.7748831814837764
-16.37871212659759
-18.910224040168767
-30.972401036700987
11.598312582606535
-17.678281350765733
5.427080061295971
-12.888077384296107
-13.52155413707215
11.32660264257812
-6.092640411012049
-8.517130969810106
-11.5256380515997
12.094285534184472
-12.84125589989568
-1.591611507297972
12.77849893278963
5.808976866240432
-23.67678741486497
-22.10019617535236
-26.713527700507562
-15.867336800561098
-14.190409061556423
-15.38396841789407
-17.946214695148676
-30.711932780458042
11.976670554402773
16.351798757819857
-15.025259205490084
-17.04379728732869
-19.73063468344941
13.08649742074215
-9.395378202503935
3.2998714467123147
-13.932327382495853
-27.064904888427204
2.9152174219287508
-26.85615888883403
12.776561063585204
-17.210936862638167
-15.764540548209371
-15.0
-21.80476152139501
-9.884661236424549
-27.003203795010936
3.489945054559822
-5.9126865929048344
15.829178016958895
-16.4715515185607
0.5221134826347162
-16.07963588852556
-3.574623370869081
-22.19382523019732
12.747686250012443
-15.0
-15.127032658434146
-30.384726874913877
-14.821255978295564
-22.69057870709097
-15.000000000000004
-21.024376745361923
-15.000000000000004
-31.334479232158117
-16.28423126880503
12.894544524435725
-7.582096491924966
-15.0
-17.37732020384266
-3.7287219358649253
17.909013007922567
-13.656904331262174
-14.999999999999996
17.645369585903442
7.580657873194163
-15.000000000000004
-8.194601014588795
-5.301098876084316
9.234644250728483
4.354247208461155
-22.685601291336273
-15.0
-14.206039320161583
-14.936357058270907
-13.213506992927805
10.382092874729556
-12.544635549441026
11.82419240715287
-13.830532240714547
13.420323969869267
-15.000000000000004
15.922694766993345
-16.63360838689213
-15.0
-6.898089748299374
-15.0
-12.12782168048645
18.429015970034133
-19.994531084959316
-17.010334397713095
-8.824826370653415
-23.627042464832442
-2.779793663360106
